TN:
SF:poker.js
FN:18,(anonymous_0)
FN:27,compareHands
FN:52,(anonymous_2)
FN:53,(anonymous_3)
FN:56,(anonymous_4)
FN:57,(anonymous_5)
FN:58,(anonymous_6)
FN:68,(anonymous_7)
FN:69,(anonymous_8)
FN:70,(anonymous_9)
FN:72,(anonymous_10)
FNF:11
FNH:6
FNDA:20,(anonymous_0)
FNDA:6,compareHands
FNDA:5,(anonymous_2)
FNDA:7,(anonymous_3)
FNDA:1,(anonymous_4)
FNDA:0,(anonymous_5)
FNDA:0,(anonymous_6)
FNDA:1,(anonymous_7)
FNDA:0,(anonymous_8)
FNDA:0,(anonymous_9)
FNDA:0,(anonymous_10)
DA:1,1
DA:3,1
DA:16,1
DA:18,1
DA:19,20
DA:20,121
DA:21,18
DA:24,2
DA:28,6
DA:29,6
DA:31,6
DA:32,2
DA:33,2
DA:34,2
DA:35,4
DA:36,2
DA:37,2
DA:38,2
DA:40,2
DA:41,2
DA:45,1
DA:50,1
DA:52,1
DA:53,7
DA:56,1
DA:57,1
DA:58,0
DA:59,0
DA:60,0
DA:62,0
DA:63,0
DA:68,1
DA:69,1
DA:70,0
DA:71,0
DA:72,0
DA:73,0
DA:74,0
DA:76,0
DA:83,1
DA:85,1
LF:41
LH:30
BRDA:20,0,0,18
BRDA:20,0,1,103
BRDA:31,1,0,2
BRDA:31,1,1,4
BRDA:35,2,0,2
BRDA:35,2,1,2
BRDA:59,3,0,0
BRDA:59,3,1,0
BRDA:73,4,0,0
BRDA:73,4,1,0
BRF:10
BRH:6
end_of_record
